<?xml version="1.0" encoding="UTF-8"?>
<testsuite xmlns:xsi="http://www.w3.org/2001/XMLSchema-instance" xsi:noNamespaceSchemaLocation="https://maven.apache.org/surefire/maven-surefire-plugin/xsd/surefire-test-report.xsd" name="TestAnnoTable" time="4.083" tests="4" errors="0" skipped="0" failures="0">
  <properties>
[...]
</properties>
  <testcase name="testSOldierAdd" classname="TestAnnoTable" time="0.301"/>
  <testcase name="testfind" classname="TestAnnoTable" time="0.141"/>
  <testcase name="testSoldierDelete" classname="TestAnnoTable" time="0.038"/>
  <testcase name="test" classname="TestAnnoTable" time="0.344"/>
</testsuite>